<?xml version="1.0" encoding="UTF-8"?>
<!-- Generated by org.testng.reporters.JUnitReportReporter -->
<testsuite hostname="Gaurav" name="PostTest" tests="1" failures="0" timestamp="24 Dec 2017 17:49:42 GMT" time="2.937" errors="0">
  <testcase name="RegistrationSuccessful" time="2.937" classname="PostTest"/>
</testsuite> <!-- PostTest -->
