<?xml version="1.0" encoding="UTF-8"?>
<!-- Generated by org.testng.reporters.JUnitReportReporter -->
<testsuite hostname="Gaurav" name="SimpleGetTest" tests="4" failures="0" timestamp="21 Dec 2017 17:29:02 GMT" time="11.489" errors="0">
  <testcase name="GetWeatherDetailsCondensed" time="3.875" classname="SimpleGetTest"/>
  <testcase name="GetWeatherDetails" time="4.651" classname="SimpleGetTest"/>
  <testcase name="IteratingOverHeaders" time="1.122" classname="SimpleGetTest"/>
  <testcase name="GetWeatherHeaders" time="1.841" classname="SimpleGetTest"/>
</testsuite> <!-- SimpleGetTest -->
